# JRE version: Java(TM) SE Runtime Environment (7.0_67-b01) (build 1.7.0_67-b01)
# Java VM: Java HotSpot(TM) 64-Bit Server VM (24.65-b04 mixed mode bsd-amd64 compressed oops)
Heap
 PSYoungGen      total 1029632K, used 17189K [0x00000007aaa80000, 0x00000007ff700000, 0x0000000800000000)
  eden space 704000K, 2% used [0x00000007aaa80000,0x00000007abb49488,0x00000007d5a00000)
  from space 325632K, 0% used [0x00000007d5a00000,0x00000007d5a00000,0x00000007e9800000)
  to   space 309248K, 0% used [0x00000007ec900000,0x00000007ec900000,0x00000007ff700000)
 ParOldGen       total 765952K, used 372926K [0x0000000700000000, 0x000000072ec00000, 0x00000007aaa80000)
  object space 765952K, 48% used [0x0000000700000000,0x0000000716c2fa78,0x000000072ec00000)
 PSPermGen       total 21504K, used 6012K [0x00000006fae00000, 0x00000006fc300000, 0x0000000700000000)
  object space 21504K, 27% used [0x00000006fae00000,0x00000006fb3df290,0x00000006fc300000)
GC Heap History (10 events):
Event: 6.652 GC heap before
{Heap before GC invocations=15 (full 3):
 PSYoungGen      total 724992K, used 485120K [0x00000007aaa80000, 0x00000007efc80000, 0x0000000800000000)
  eden space 437760K, 100% used [0x00000007aaa80000,0x00000007c5600000,0x00000007c5600000)
  from space 287232K, 16% used [0x00000007c5600000,0x00000007c8440000,0x00000007d6e80000)
  to   space 280576K, 0% used [0x00000007dea80000,0x00000007dea80000,0x00000007efc80000)
 ParOldGen       total 655872K, used 372920K [0x0000000700000000, 0x0000000728080000, 0x00000007aaa80000)
  object space 655872K, 56% used [0x0000000700000000,0x0000000716c2e200,0x0000000728080000)
 PSPermGen       total 21504K, used 6007K [0x00000006fae00000, 0x00000006fc300000, 0x0000000700000000)
  object space 21504K, 27% used [0x00000006fae00000,0x00000006fb3dde18,0x00000006fc300000)
Event: 6.775 GC heap after
Heap after GC invocations=15 (full 3):
 PSYoungGen      total 839680K, used 185760K [0x00000007aaa80000, 0x00000007f1600000, 0x0000000800000000)
  eden space 559104K, 0% used [0x00000007aaa80000,0x00000007aaa80000,0x00000007ccc80000)
  from space 280576K, 66% used [0x00000007dea80000,0x00000007e9fe8000,0x00000007efc80000)
  to   space 292864K, 0% used [0x00000007ccc80000,0x00000007ccc80000,0x00000007dea80000)
 ParOldGen       total 655872K, used 372920K [0x0000000700000000, 0x0000000728080000, 0x00000007aaa80000)
  object space 655872K, 56% used [0x0000000700000000,0x0000000716c2e200,0x0000000728080000)
 PSPermGen       total 21504K, used 6007K [0x00000006fae00000, 0x00000006fc300000, 0x0000000700000000)
  object space 21504K, 27% used [0x00000006fae00000,0x00000006fb3dde18,0x00000006fc300000)
}
Event: 7.451 GC heap before
{Heap before GC invocations=16 (full 3):
 PSYoungGen      total 839680K, used 744864K [0x00000007aaa80000, 0x00000007f1600000, 0x0000000800000000)
  eden space 559104K, 100% used [0x00000007aaa80000,0x00000007ccc80000,0x00000007ccc80000)
  from space 280576K, 66% used [0x00000007dea80000,0x00000007e9fe8000,0x00000007efc80000)
  to   space 292864K, 0% used [0x00000007ccc80000,0x00000007ccc80000,0x00000007dea80000)
 ParOldGen       total 655872K, used 372920K [0x0000000700000000, 0x0000000728080000, 0x00000007aaa80000)
  object space 655872K, 56% used [0x0000000700000000,0x0000000716c2e200,0x0000000728080000)
 PSPermGen       total 21504K, used 6007K [0x00000006fae00000, 0x00000006fc300000, 0x0000000700000000)
  object space 21504K, 27% used [0x00000006fae00000,0x00000006fb3dde18,0x00000006fc300000)
Event: 7.571 GC heap after
Heap after GC invocations=16 (full 3):
 PSYoungGen      total 851968K, used 185792K [0x00000007aaa80000, 0x00000007fbf00000, 0x0000000800000000)
  eden space 559104K, 0% used [0x00000007aaa80000,0x00000007aaa80000,0x00000007ccc80000)
  from space 292864K, 63% used [0x00000007ccc80000,0x00000007d81f0000,0x00000007dea80000)
  to   space 302080K, 0% used [0x00000007e9800000,0x00000007e9800000,0x00000007fbf00000)
 ParOldGen       total 655872K, used 372944K [0x0000000700000000, 0x0000000728080000, 0x00000007aaa80000)
  object space 655872K, 56% used [0x0000000700000000,0x0000000716c34200,0x0000000728080000)
 PSPermGen       total 21504K, used 6007K [0x00000006fae00000, 0x00000006fc300000, 0x0000000700000000)
  object space 21504K, 27% used [0x00000006fae00000,0x00000006fb3dde18,0x00000006fc300000)
}
Event: 8.137 GC heap before
{Heap before GC invocations=17 (full 3):
 PSYoungGen      total 851968K, used 744896K [0x00000007aaa80000, 0x00000007fbf00000, 0x0000000800000000)
  eden space 559104K, 100% used [0x00000007aaa80000,0x00000007ccc80000,0x00000007ccc80000)
  from space 292864K, 63% used [0x00000007ccc80000,0x00000007d81f0000,0x00000007dea80000)
  to   space 302080K, 0% used [0x00000007e9800000,0x00000007e9800000,0x00000007fbf00000)
 ParOldGen       total 655872K, used 372944K [0x0000000700000000, 0x0000000728080000, 0x00000007aaa80000)
  object space 655872K, 56% used [0x0000000700000000,0x0000000716c34200,0x0000000728080000)
 PSPermGen       total 21504K, used 6007K [0x00000006fae00000, 0x00000006fc300000, 0x0000000700000000)
  object space 21504K, 27% used [0x00000006fae00000,0x00000006fb3dde18,0x00000006fc300000)
Event: 8.374 GC heap after
Heap after GC invocations=17 (full 3):
 PSYoungGen      total 1006080K, used 232000K [0x00000007aaa80000, 0x00000007ffa00000, 0x0000000800000000)
  eden space 704000K, 0% used [0x00000007aaa80000,0x00000007aaa80000,0x00000007d5a00000)
  from space 302080K, 76% used [0x00000007e9800000,0x00000007f7a90000,0x00000007fbf00000)
  to   space 325632K, 0% used [0x00000007d5a00000,0x00000007d5a00000,0x00000007e9800000)
 ParOldGen       total 655872K, used 372952K [0x0000000700000000, 0x0000000728080000, 0x00000007aaa80000)
  object space 655872K, 56% used [0x0000000700000000,0x0000000716c36200,0x0000000728080000)
 PSPermGen       total 21504K, used 6007K [0x00000006fae00000, 0x00000006fc300000, 0x0000000700000000)
  object space 21504K, 27% used [0x00000006fae00000,0x00000006fb3dde18,0x00000006fc300000)
}
Event: 9.371 GC heap before
{Heap before GC invocations=18 (full 3):
 PSYoungGen      total 1006080K, used 936000K [0x00000007aaa80000, 0x00000007ffa00000, 0x0000000800000000)
  eden space 704000K, 100% used [0x00000007aaa80000,0x00000007d5a00000,0x00000007d5a00000)
  from space 302080K, 76% used [0x00000007e9800000,0x00000007f7a90000,0x00000007fbf00000)
  to   space 325632K, 0% used [0x00000007d5a00000,0x00000007d5a00000,0x00000007e9800000)
 ParOldGen       total 655872K, used 372952K [0x0000000700000000, 0x0000000728080000, 0x00000007aaa80000)
  object space 655872K, 56% used [0x0000000700000000,0x0000000716c36200,0x0000000728080000)
 PSPermGen       total 21504K, used 6012K [0x00000006fae00000, 0x00000006fc300000, 0x0000000700000000)
  object space 21504K, 27% used [0x00000006fae00000,0x00000006fb3df290,0x00000006fc300000)
Event: 9.587 GC heap after
Heap after GC invocations=18 (full 3):
 PSYoungGen      total 1029632K, used 139520K [0x00000007aaa80000, 0x00000007ff700000, 0x0000000800000000)
  eden space 704000K, 0% used [0x00000007aaa80000,0x00000007aaa80000,0x00000007d5a00000)
  from space 325632K, 42% used [0x00000007d5a00000,0x00000007de240000,0x00000007e9800000)
  to   space 309248K, 0% used [0x00000007ec900000,0x00000007ec900000,0x00000007ff700000)
 ParOldGen       total 655872K, used 605968K [0x0000000700000000, 0x0000000728080000, 0x00000007aaa80000)
  object space 655872K, 92% used [0x0000000700000000,0x0000000724fc4200,0x0000000728080000)
 PSPermGen       total 21504K, used 6012K [0x00000006fae00000, 0x00000006fc300000, 0x0000000700000000)
  object space 21504K, 27% used [0x00000006fae00000,0x00000006fb3df290,0x00000006fc300000)
}
Event: 9.587 GC heap before
{Heap before GC invocations=19 (full 4):
 PSYoungGen      total 1029632K, used 139520K [0x00000007aaa80000, 0x00000007ff700000, 0x0000000800000000)
  eden space 704000K, 0% used [0x00000007aaa80000,0x00000007aaa80000,0x00000007d5a00000)
  from space 325632K, 42% used [0x00000007d5a00000,0x00000007de240000,0x00000007e9800000)
  to   space 309248K, 0% used [0x00000007ec900000,0x00000007ec900000,0x00000007ff700000)
 ParOldGen       total 655872K, used 605968K [0x0000000700000000, 0x0000000728080000, 0x00000007aaa80000)
  object space 655872K, 92% used [0x0000000700000000,0x0000000724fc4200,0x0000000728080000)
 PSPermGen       total 21504K, used 6012K [0x00000006fae00000, 0x00000006fc300000, 0x0000000700000000)
  object space 21504K, 27% used [0x00000006fae00000,0x00000006fb3df290,0x00000006fc300000)
Event: 10.090 GC heap after
Heap after GC invocations=19 (full 4):
 PSYoungGen      total 1029632K, used 0K [0x00000007aaa80000, 0x00000007ff700000, 0x0000000800000000)
  eden space 704000K, 0% used [0x00000007aaa80000,0x00000007aaa80000,0x00000007d5a00000)
  from space 325632K, 0% used [0x00000007d5a00000,0x00000007d5a00000,0x00000007e9800000)
  to   space 309248K, 0% used [0x00000007ec900000,0x00000007ec900000,0x00000007ff700000)
 ParOldGen       total 765952K, used 372926K [0x0000000700000000, 0x000000072ec00000, 0x00000007aaa80000)
  object space 765952K, 48% used [0x0000000700000000,0x0000000716c2fa78,0x000000072ec00000)
 PSPermGen       total 21504K, used 6012K [0x00000006fae00000, 0x00000006fc300000, 0x0000000700000000)
  object space 21504K, 27% used [0x00000006fae00000,0x00000006fb3df290,0x00000006fc300000)
}

